<?xml version="1.0" encoding="UTF-8"?>
<!-- Generated by org.testng.reporters.JUnitXMLReporter -->
<testsuite ignored="0" hostname="MacBook-Air-Tim.local" failures="0" tests="3" name="Package Test Run" time="0.004" errors="0" timestamp="2025-01-10T22:06:02 GET">
  <testcase classname="com.testng.training.SampleOneTest" name="sampleOneTestMethodOne" time="0.001"/>
  <testcase classname="com.testng.training.SampleOneTest" name="sampleOneTestMethodTwo" time="0.0"/>
  <testcase classname="com.testng.training.SampleTwoTest" name="sampleTwoTestMethodOne" time="0.001"/>
</testsuite> <!-- Package Test Run -->
