<?xml version="1.0" encoding="UTF-8"?>
<!-- Generated by org.testng.reporters.JUnitXMLReporter -->
<testsuite ignored="2" hostname="MacBook-Air-Tim.local" failures="0" tests="1" name="Groups Test" time="0.004" errors="0" timestamp="2025-01-10T22:06:02 GET">
  <testcase classname="GroupingTest" name="minorTest" time="0.001"/>
  <testcase classname="GroupingTest" name="loginTest" time="0.0">
    <ignored/>
  </testcase> <!-- loginTest -->
  <testcase classname="GroupingTest" name="smokeTest" time="0.0">
    <ignored/>
  </testcase> <!-- smokeTest -->
</testsuite> <!-- Groups Test -->
